/*C42*/SET SCHEMA PUBLIC
DISCONNECT
/*C43*/SET SCHEMA PUBLIC
DISCONNECT
/*C44*/SET SCHEMA PUBLIC
DISCONNECT
/*C45*/SET SCHEMA PUBLIC
DISCONNECT
/*C46*/SET SCHEMA PUBLIC
CREATE TABLE game(\u000agame_id INT IDENTITY,\u000auser_name VARCHAR(20) NOT NULL,\u000atitle VARCHAR(30) NOT NULL,\u000agenre VARCHAR(30) NOT NULL)
DISCONNECT
/*C47*/SET SCHEMA PUBLIC
DISCONNECT
/*C48*/SET SCHEMA PUBLIC
DISCONNECT
/*C49*/SET SCHEMA PUBLIC
DELETE FROM USER WHERE EMAIL='f@f.f'
INSERT INTO USER VALUES('r','r@r.r','r','r')
COMMIT
DISCONNECT
/*C51*/SET SCHEMA PUBLIC
DELETE FROM USER WHERE EMAIL='r@r.r'
INSERT INTO USER VALUES('f','f@f.f','f','f')
COMMIT
DISCONNECT
/*C52*/SET SCHEMA PUBLIC
DELETE FROM USER WHERE EMAIL='f@f.f'
COMMIT
DISCONNECT
/*C50*/SET SCHEMA PUBLIC
DISCONNECT
/*C54*/SET SCHEMA PUBLIC
DISCONNECT
/*C53*/SET SCHEMA PUBLIC
DISCONNECT
/*C55*/SET SCHEMA PUBLIC
DISCONNECT
/*C57*/SET SCHEMA PUBLIC
INSERT INTO USER VALUES('f','f@f.f','f','f')
COMMIT
/*C59*/SET SCHEMA PUBLIC
INSERT INTO USER VALUES('Damian','damian@gmail.com','12345','Athlone')
COMMIT
/*C61*/SET SCHEMA PUBLIC
DELETE FROM USER WHERE EMAIL='damian@gmail.com'
COMMIT
DISCONNECT
/*C59*/DISCONNECT
/*C56*/SET SCHEMA PUBLIC
DISCONNECT
/*C57*/DISCONNECT
/*C58*/SET SCHEMA PUBLIC
DISCONNECT
/*C63*/SET SCHEMA PUBLIC
DISCONNECT
/*C62*/SET SCHEMA PUBLIC
DISCONNECT
/*C66*/SET SCHEMA PUBLIC
DISCONNECT
/*C67*/SET SCHEMA PUBLIC
INSERT INTO GAME VALUES(0,'m','Call of Duty','Shooter')
COMMIT
DISCONNECT
/*C68*/SET SCHEMA PUBLIC
DISCONNECT
/*C65*/SET SCHEMA PUBLIC
DISCONNECT
/*C64*/SET SCHEMA PUBLIC
DISCONNECT
/*C69*/SET SCHEMA PUBLIC
DELETE FROM GAME WHERE GAME_ID=0
COMMIT
DISCONNECT
/*C70*/SET SCHEMA PUBLIC
DISCONNECT
/*C71*/SET SCHEMA PUBLIC
DISCONNECT
/*C72*/SET SCHEMA PUBLIC
DISCONNECT
/*C75*/SET SCHEMA PUBLIC
DISCONNECT
/*C74*/SET SCHEMA PUBLIC
DISCONNECT
/*C73*/SET SCHEMA PUBLIC
DISCONNECT
/*C76*/SET SCHEMA PUBLIC
DISCONNECT
/*C77*/SET SCHEMA PUBLIC
INSERT INTO GAME VALUES(1,'m','dd','dd')
COMMIT
DISCONNECT
/*C78*/SET SCHEMA PUBLIC
DISCONNECT
/*C79*/SET SCHEMA PUBLIC
DELETE FROM GAME WHERE GAME_ID=1
COMMIT
DISCONNECT
/*C82*/SET SCHEMA PUBLIC
DISCONNECT
/*C83*/SET SCHEMA PUBLIC
INSERT INTO GAME VALUES(2,'m','dd','dd')
COMMIT
DISCONNECT
/*C84*/SET SCHEMA PUBLIC
DISCONNECT
/*C85*/SET SCHEMA PUBLIC
DELETE FROM GAME WHERE GAME_ID=2
INSERT INTO GAME VALUES(2,'m','ee','ee')
COMMIT
DISCONNECT
/*C86*/SET SCHEMA PUBLIC
DISCONNECT
/*C87*/SET SCHEMA PUBLIC
DELETE FROM GAME WHERE GAME_ID=2
COMMIT
DISCONNECT
/*C88*/SET SCHEMA PUBLIC
DISCONNECT
/*C89*/SET SCHEMA PUBLIC
DISCONNECT
/*C90*/SET SCHEMA PUBLIC
DISCONNECT
/*C91*/SET SCHEMA PUBLIC
DISCONNECT
/*C80*/SET SCHEMA PUBLIC
DISCONNECT
/*C81*/SET SCHEMA PUBLIC
DISCONNECT
/*C94*/SET SCHEMA PUBLIC
DISCONNECT
/*C95*/SET SCHEMA PUBLIC
DISCONNECT
/*C96*/SET SCHEMA PUBLIC
INSERT INTO GAME VALUES(3,'m','dd','dd')
COMMIT
DISCONNECT
/*C97*/SET SCHEMA PUBLIC
DISCONNECT
/*C98*/SET SCHEMA PUBLIC
DELETE FROM GAME WHERE GAME_ID=3
INSERT INTO GAME VALUES(3,'m','ee','ee')
COMMIT
DISCONNECT
/*C99*/SET SCHEMA PUBLIC
DISCONNECT
/*C102*/SET SCHEMA PUBLIC
DISCONNECT
/*C103*/SET SCHEMA PUBLIC
INSERT INTO GAME VALUES(4,'f','rr','rr')
COMMIT
DISCONNECT
/*C104*/SET SCHEMA PUBLIC
DISCONNECT
/*C101*/SET SCHEMA PUBLIC
DISCONNECT
/*C100*/SET SCHEMA PUBLIC
DISCONNECT
/*C93*/SET SCHEMA PUBLIC
DISCONNECT
/*C92*/SET SCHEMA PUBLIC
DISCONNECT
/*C107*/SET SCHEMA PUBLIC
DISCONNECT
/*C108*/SET SCHEMA PUBLIC
INSERT INTO GAME VALUES(5,'m','dd','dd')
COMMIT
DISCONNECT
/*C109*/SET SCHEMA PUBLIC
DISCONNECT
/*C106*/SET SCHEMA PUBLIC
DISCONNECT
/*C105*/SET SCHEMA PUBLIC
DISCONNECT
/*C110*/SET SCHEMA PUBLIC
DELETE FROM GAME WHERE GAME_ID=5
INSERT INTO GAME VALUES(5,'m','qq','qq')
COMMIT
DISCONNECT
/*C111*/SET SCHEMA PUBLIC
DISCONNECT
/*C113*/SET SCHEMA PUBLIC
DISCONNECT
/*C112*/SET SCHEMA PUBLIC
DISCONNECT
/*C114*/SET SCHEMA PUBLIC
DISCONNECT
/*C115*/SET SCHEMA PUBLIC
DISCONNECT
/*C118*/SET SCHEMA PUBLIC
DISCONNECT
/*C119*/SET SCHEMA PUBLIC
DELETE FROM GAME WHERE GAME_ID=3
INSERT INTO GAME VALUES(3,'m','ww','ww')
COMMIT
DISCONNECT
/*C120*/SET SCHEMA PUBLIC
DISCONNECT
/*C121*/SET SCHEMA PUBLIC
DELETE FROM GAME WHERE GAME_ID=5
COMMIT
DISCONNECT
/*C122*/SET SCHEMA PUBLIC
DISCONNECT
/*C116*/SET SCHEMA PUBLIC
DISCONNECT
/*C117*/SET SCHEMA PUBLIC
DISCONNECT
/*C60*/SET SCHEMA PUBLIC
DISCONNECT
